{"C:\\Users\\babar\\Downloads\\inacap-bank\\inacap-bank\\src\\components\\Button.js": {"path":"C:\\Users\\babar\\Downloads\\inacap-bank\\inacap-bank\\src\\components\\Button.js","statementMap":{"0":{"start":{"line":3,"column":15},"end":{"line":9,"column":1}},"1":{"start":{"line":4,"column":2},"end":{"line":8,"column":4}}},"fnMap":{"0":{"name":"(anonymous_0)","decl":{"start":{"line":3,"column":15},"end":{"line":3,"column":16}},"loc":{"start":{"line":3,"column":42},"end":{"line":9,"column":1}},"line":3}},"branchMap":{},"s":{"0":1,"1":2},"f":{"0":2},"b":{},"_coverageSchema":"1a1c01bbd47fc00a2c39e90264f33305004495a9","hash":"cb4cfec6cd0b23de45c3d3d60475653c6e5c8694"}
}
